# JRE version: Java(TM) SE Runtime Environment (8.0_144-b01) (build 1.8.0_144-b01)
# Java VM: Java HotSpot(TM) 64-Bit Server VM (25.144-b01 mixed mode windows-amd64 compressed oops)
Heap:
 PSYoungGen      total 334336K, used 176910K [0x00000000eab00000, 0x0000000100000000, 0x0000000100000000)
  eden space 319488K, 51% used [0x00000000eab00000,0x00000000f4d241c8,0x00000000fe300000)
  from space 14848K, 73% used [0x00000000ff180000,0x00000000ffc1f978,0x0000000100000000)
  to   space 14848K, 0% used [0x00000000fe300000,0x00000000fe300000,0x00000000ff180000)
 ParOldGen       total 699392K, used 682386K [0x00000000c0000000, 0x00000000eab00000, 0x00000000eab00000)
  object space 699392K, 97% used [0x00000000c0000000,0x00000000e9a64968,0x00000000eab00000)
 Metaspace       used 61340K, capacity 62544K, committed 62592K, reserved 1103872K
  class space    used 8238K, capacity 8530K, committed 8576K, reserved 1048576K
GC Heap History (10 events):
Event: 3558.036 GC heap before
{Heap before GC invocations=1023 (full 3):
 PSYoungGen      total 332800K, used 326622K [0x00000000eab00000, 0x0000000100000000, 0x0000000100000000)
  eden space 316928K, 100% used [0x00000000eab00000,0x00000000fe080000,0x00000000fe080000)
  from space 15872K, 61% used [0x00000000fe080000,0x00000000fe9f7978,0x00000000ff000000)
  to   space 15360K, 0% used [0x00000000ff100000,0x00000000ff100000,0x0000000100000000)
 ParOldGen       total 699392K, used 681666K [0x00000000c0000000, 0x00000000eab00000, 0x00000000eab00000)
  object space 699392K, 97% used [0x00000000c0000000,0x00000000e99b0968,0x00000000eab00000)
 Metaspace       used 61339K, capacity 62544K, committed 62592K, reserved 1103872K
  class space    used 8238K, capacity 8530K, committed 8576K, reserved 1048576K
Event: 3558.043 GC heap after
Heap after GC invocations=1023 (full 3):
 PSYoungGen      total 334336K, used 9726K [0x00000000eab00000, 0x0000000100000000, 0x0000000100000000)
  eden space 318976K, 0% used [0x00000000eab00000,0x00000000eab00000,0x00000000fe280000)
  from space 15360K, 63% used [0x00000000ff100000,0x00000000ffa7f978,0x0000000100000000)
  to   space 14848K, 0% used [0x00000000fe280000,0x00000000fe280000,0x00000000ff100000)
 ParOldGen       total 699392K, used 681762K [0x00000000c0000000, 0x00000000eab00000, 0x00000000eab00000)
  object space 699392K, 97% used [0x00000000c0000000,0x00000000e99c8968,0x00000000eab00000)
 Metaspace       used 61339K, capacity 62544K, committed 62592K, reserved 1103872K
  class space    used 8238K, capacity 8530K, committed 8576K, reserved 1048576K
}
Event: 3561.660 GC heap before
{Heap before GC invocations=1024 (full 3):
 PSYoungGen      total 334336K, used 328702K [0x00000000eab00000, 0x0000000100000000, 0x0000000100000000)
  eden space 318976K, 100% used [0x00000000eab00000,0x00000000fe280000,0x00000000fe280000)
  from space 15360K, 63% used [0x00000000ff100000,0x00000000ffa7f978,0x0000000100000000)
  to   space 14848K, 0% used [0x00000000fe280000,0x00000000fe280000,0x00000000ff100000)
 ParOldGen       total 699392K, used 681762K [0x00000000c0000000, 0x00000000eab00000, 0x00000000eab00000)
  object space 699392K, 97% used [0x00000000c0000000,0x00000000e99c8968,0x00000000eab00000)
 Metaspace       used 61339K, capacity 62544K, committed 62592K, reserved 1103872K
  class space    used 8238K, capacity 8530K, committed 8576K, reserved 1048576K
Event: 3561.671 GC heap after
Heap after GC invocations=1024 (full 3):
 PSYoungGen      total 333824K, used 9790K [0x00000000eab00000, 0x0000000100000000, 0x0000000100000000)
  eden space 318976K, 0% used [0x00000000eab00000,0x00000000eab00000,0x00000000fe280000)
  from space 14848K, 65% used [0x00000000fe280000,0x00000000fec0f978,0x00000000ff100000)
  to   space 14848K, 0% used [0x00000000ff180000,0x00000000ff180000,0x0000000100000000)
 ParOldGen       total 699392K, used 681922K [0x00000000c0000000, 0x00000000eab00000, 0x00000000eab00000)
  object space 699392K, 97% used [0x00000000c0000000,0x00000000e99f0968,0x00000000eab00000)
 Metaspace       used 61339K, capacity 62544K, committed 62592K, reserved 1103872K
  class space    used 8238K, capacity 8530K, committed 8576K, reserved 1048576K
}
Event: 3564.816 GC heap before
{Heap before GC invocations=1025 (full 3):
 PSYoungGen      total 333824K, used 328766K [0x00000000eab00000, 0x0000000100000000, 0x0000000100000000)
  eden space 318976K, 100% used [0x00000000eab00000,0x00000000fe280000,0x00000000fe280000)
  from space 14848K, 65% used [0x00000000fe280000,0x00000000fec0f978,0x00000000ff100000)
  to   space 14848K, 0% used [0x00000000ff180000,0x00000000ff180000,0x0000000100000000)
 ParOldGen       total 699392K, used 681922K [0x00000000c0000000, 0x00000000eab00000, 0x00000000eab00000)
  object space 699392K, 97% used [0x00000000c0000000,0x00000000e99f0968,0x00000000eab00000)
 Metaspace       used 61339K, capacity 62544K, committed 62592K, reserved 1103872K
  class space    used 8238K, capacity 8530K, committed 8576K, reserved 1048576K
Event: 3564.824 GC heap after
Heap after GC invocations=1025 (full 3):
 PSYoungGen      total 334336K, used 12448K [0x00000000eab00000, 0x0000000100000000, 0x0000000100000000)
  eden space 319488K, 0% used [0x00000000eab00000,0x00000000eab00000,0x00000000fe300000)
  from space 14848K, 83% used [0x00000000ff180000,0x00000000ffda8000,0x0000000100000000)
  to   space 14848K, 0% used [0x00000000fe300000,0x00000000fe300000,0x00000000ff180000)
 ParOldGen       total 699392K, used 682018K [0x00000000c0000000, 0x00000000eab00000, 0x00000000eab00000)
  object space 699392K, 97% used [0x00000000c0000000,0x00000000e9a08968,0x00000000eab00000)
 Metaspace       used 61339K, capacity 62544K, committed 62592K, reserved 1103872K
  class space    used 8238K, capacity 8530K, committed 8576K, reserved 1048576K
}
Event: 3568.161 GC heap before
{Heap before GC invocations=1026 (full 3):
 PSYoungGen      total 334336K, used 331936K [0x00000000eab00000, 0x0000000100000000, 0x0000000100000000)
  eden space 319488K, 100% used [0x00000000eab00000,0x00000000fe300000,0x00000000fe300000)
  from space 14848K, 83% used [0x00000000ff180000,0x00000000ffda8000,0x0000000100000000)
  to   space 14848K, 0% used [0x00000000fe300000,0x00000000fe300000,0x00000000ff180000)
 ParOldGen       total 699392K, used 682018K [0x00000000c0000000, 0x00000000eab00000, 0x00000000eab00000)
  object space 699392K, 97% used [0x00000000c0000000,0x00000000e9a08968,0x00000000eab00000)
 Metaspace       used 61339K, capacity 62544K, committed 62592K, reserved 1103872K
  class space    used 8238K, capacity 8530K, committed 8576K, reserved 1048576K
Event: 3568.169 GC heap after
Heap after GC invocations=1026 (full 3):
 PSYoungGen      total 334336K, used 11168K [0x00000000eab00000, 0x0000000100000000, 0x0000000100000000)
  eden space 319488K, 0% used [0x00000000eab00000,0x00000000eab00000,0x00000000fe300000)
  from space 14848K, 75% used [0x00000000fe300000,0x00000000fede8000,0x00000000ff180000)
  to   space 14848K, 0% used [0x00000000ff180000,0x00000000ff180000,0x0000000100000000)
 ParOldGen       total 699392K, used 682202K [0x00000000c0000000, 0x00000000eab00000, 0x00000000eab00000)
  object space 699392K, 97% used [0x00000000c0000000,0x00000000e9a36968,0x00000000eab00000)
 Metaspace       used 61339K, capacity 62544K, committed 62592K, reserved 1103872K
  class space    used 8238K, capacity 8530K, committed 8576K, reserved 1048576K
}
Event: 3571.478 GC heap before
{Heap before GC invocations=1027 (full 3):
 PSYoungGen      total 334336K, used 330656K [0x00000000eab00000, 0x0000000100000000, 0x0000000100000000)
  eden space 319488K, 100% used [0x00000000eab00000,0x00000000fe300000,0x00000000fe300000)
  from space 14848K, 75% used [0x00000000fe300000,0x00000000fede8000,0x00000000ff180000)
  to   space 14848K, 0% used [0x00000000ff180000,0x00000000ff180000,0x0000000100000000)
 ParOldGen       total 699392K, used 682202K [0x00000000c0000000, 0x00000000eab00000, 0x00000000eab00000)
  object space 699392K, 97% used [0x00000000c0000000,0x00000000e9a36968,0x00000000eab00000)
 Metaspace       used 61339K, capacity 62544K, committed 62592K, reserved 1103872K
  class space    used 8238K, capacity 8530K, committed 8576K, reserved 1048576K
Event: 3571.487 GC heap after
Heap after GC invocations=1027 (full 3):
 PSYoungGen      total 334336K, used 10878K [0x00000000eab00000, 0x0000000100000000, 0x0000000100000000)
  eden space 319488K, 0% used [0x00000000eab00000,0x00000000eab00000,0x00000000fe300000)
  from space 14848K, 73% used [0x00000000ff180000,0x00000000ffc1f978,0x0000000100000000)
  to   space 14848K, 0% used [0x00000000fe300000,0x00000000fe300000,0x00000000ff180000)
 ParOldGen       total 699392K, used 682386K [0x00000000c0000000, 0x00000000eab00000, 0x00000000eab00000)
  object space 699392K, 97% used [0x00000000c0000000,0x00000000e9a64968,0x00000000eab00000)
 Metaspace       used 61339K, capacity 62544K, committed 62592K, reserved 1103872K
  class space    used 8238K, capacity 8530K, committed 8576K, reserved 1048576K
}

