# JRE version: Java(TM) SE Runtime Environment (8.0_144-b01) (build 1.8.0_144-b01)
# Java VM: Java HotSpot(TM) 64-Bit Server VM (25.144-b01 mixed mode windows-amd64 compressed oops)
Heap:
 PSYoungGen      total 323584K, used 313240K [0x00000000eab00000, 0x0000000100000000, 0x0000000100000000)
  eden space 298496K, 100% used [0x00000000eab00000,0x00000000fce80000,0x00000000fce80000)
  from space 25088K, 58% used [0x00000000fce80000,0x00000000fdce60c8,0x00000000fe700000)
  to   space 24576K, 55% used [0x00000000fe800000,0x00000000ff550000,0x0000000100000000)
 ParOldGen       total 699392K, used 562167K [0x00000000c0000000, 0x00000000eab00000, 0x00000000eab00000)
  object space 699392K, 80% used [0x00000000c0000000,0x00000000e24fddd0,0x00000000eab00000)
 Metaspace       used 82427K, capacity 88236K, committed 94848K, reserved 1130496K
  class space    used 11267K, capacity 12630K, committed 14208K, reserved 1048576K
GC Heap History (10 events):
Event: 24081.329 GC heap after
Heap after GC invocations=5749 (full 10):
 PSYoungGen      total 322048K, used 13695K [0x00000000eab00000, 0x0000000100000000, 0x0000000100000000)
  eden space 294912K, 0% used [0x00000000eab00000,0x00000000eab00000,0x00000000fcb00000)
  from space 27136K, 50% used [0x00000000fcb00000,0x00000000fd85fe80,0x00000000fe580000)
  to   space 26624K, 0% used [0x00000000fe600000,0x00000000fe600000,0x0000000100000000)
 ParOldGen       total 699392K, used 559767K [0x00000000c0000000, 0x00000000eab00000, 0x00000000eab00000)
  object space 699392K, 80% used [0x00000000c0000000,0x00000000e22a5dd0,0x00000000eab00000)
 Metaspace       used 82426K, capacity 88236K, committed 94848K, reserved 1130496K
  class space    used 11267K, capacity 12630K, committed 14208K, reserved 1048576K
}
Event: 24084.572 GC heap before
{Heap before GC invocations=5750 (full 10):
 PSYoungGen      total 322048K, used 308607K [0x00000000eab00000, 0x0000000100000000, 0x0000000100000000)
  eden space 294912K, 100% used [0x00000000eab00000,0x00000000fcb00000,0x00000000fcb00000)
  from space 27136K, 50% used [0x00000000fcb00000,0x00000000fd85fe80,0x00000000fe580000)
  to   space 26624K, 0% used [0x00000000fe600000,0x00000000fe600000,0x0000000100000000)
 ParOldGen       total 699392K, used 559767K [0x00000000c0000000, 0x00000000eab00000, 0x00000000eab00000)
  object space 699392K, 80% used [0x00000000c0000000,0x00000000e22a5dd0,0x00000000eab00000)
 Metaspace       used 82426K, capacity 88236K, committed 94848K, reserved 1130496K
  class space    used 11267K, capacity 12630K, committed 14208K, reserved 1048576K
Event: 24084.578 GC heap after
Heap after GC invocations=5750 (full 10):
 PSYoungGen      total 323072K, used 12032K [0x00000000eab00000, 0x0000000100000000, 0x0000000100000000)
  eden space 296448K, 0% used [0x00000000eab00000,0x00000000eab00000,0x00000000fcc80000)
  from space 26624K, 45% used [0x00000000fe600000,0x00000000ff1c0000,0x0000000100000000)
  to   space 26112K, 0% used [0x00000000fcc80000,0x00000000fcc80000,0x00000000fe600000)
 ParOldGen       total 699392K, used 561623K [0x00000000c0000000, 0x00000000eab00000, 0x00000000eab00000)
  object space 699392K, 80% used [0x00000000c0000000,0x00000000e2475dd0,0x00000000eab00000)
 Metaspace       used 82426K, capacity 88236K, committed 94848K, reserved 1130496K
  class space    used 11267K, capacity 12630K, committed 14208K, reserved 1048576K
}
Event: 24087.407 GC heap before
{Heap before GC invocations=5751 (full 10):
 PSYoungGen      total 323072K, used 308480K [0x00000000eab00000, 0x0000000100000000, 0x0000000100000000)
  eden space 296448K, 100% used [0x00000000eab00000,0x00000000fcc80000,0x00000000fcc80000)
  from space 26624K, 45% used [0x00000000fe600000,0x00000000ff1c0000,0x0000000100000000)
  to   space 26112K, 0% used [0x00000000fcc80000,0x00000000fcc80000,0x00000000fe600000)
 ParOldGen       total 699392K, used 561623K [0x00000000c0000000, 0x00000000eab00000, 0x00000000eab00000)
  object space 699392K, 80% used [0x00000000c0000000,0x00000000e2475dd0,0x00000000eab00000)
 Metaspace       used 82426K, capacity 88236K, committed 94848K, reserved 1130496K
  class space    used 11267K, capacity 12630K, committed 14208K, reserved 1048576K
Event: 24087.415 GC heap after
Heap after GC invocations=5751 (full 10):
 PSYoungGen      total 322560K, used 13951K [0x00000000eab00000, 0x0000000100000000, 0x0000000100000000)
  eden space 296448K, 0% used [0x00000000eab00000,0x00000000eab00000,0x00000000fcc80000)
  from space 26112K, 53% used [0x00000000fcc80000,0x00000000fda1fe80,0x00000000fe600000)
  to   space 25600K, 0% used [0x00000000fe700000,0x00000000fe700000,0x0000000100000000)
 ParOldGen       total 699392K, used 561767K [0x00000000c0000000, 0x00000000eab00000, 0x00000000eab00000)
  object space 699392K, 80% used [0x00000000c0000000,0x00000000e2499dd0,0x00000000eab00000)
 Metaspace       used 82426K, capacity 88236K, committed 94848K, reserved 1130496K
  class space    used 11267K, capacity 12630K, committed 14208K, reserved 1048576K
}
Event: 24090.226 GC heap before
{Heap before GC invocations=5752 (full 10):
 PSYoungGen      total 322560K, used 310399K [0x00000000eab00000, 0x0000000100000000, 0x0000000100000000)
  eden space 296448K, 100% used [0x00000000eab00000,0x00000000fcc80000,0x00000000fcc80000)
  from space 26112K, 53% used [0x00000000fcc80000,0x00000000fda1fe80,0x00000000fe600000)
  to   space 25600K, 0% used [0x00000000fe700000,0x00000000fe700000,0x0000000100000000)
 ParOldGen       total 699392K, used 561767K [0x00000000c0000000, 0x00000000eab00000, 0x00000000eab00000)
  object space 699392K, 80% used [0x00000000c0000000,0x00000000e2499dd0,0x00000000eab00000)
 Metaspace       used 82427K, capacity 88236K, committed 94848K, reserved 1130496K
  class space    used 11267K, capacity 12630K, committed 14208K, reserved 1048576K
Event: 24090.236 GC heap after
Heap after GC invocations=5752 (full 10):
 PSYoungGen      total 324096K, used 14309K [0x00000000eab00000, 0x0000000100000000, 0x0000000100000000)
  eden space 298496K, 0% used [0x00000000eab00000,0x00000000eab00000,0x00000000fce80000)
  from space 25600K, 55% used [0x00000000fe700000,0x00000000ff4f9480,0x0000000100000000)
  to   space 25088K, 0% used [0x00000000fce80000,0x00000000fce80000,0x00000000fe700000)
 ParOldGen       total 699392K, used 561839K [0x00000000c0000000, 0x00000000eab00000, 0x00000000eab00000)
  object space 699392K, 80% used [0x00000000c0000000,0x00000000e24abdd0,0x00000000eab00000)
 Metaspace       used 82427K, capacity 88236K, committed 94848K, reserved 1130496K
  class space    used 11267K, capacity 12630K, committed 14208K, reserved 1048576K
}
Event: 24093.426 GC heap before
{Heap before GC invocations=5753 (full 10):
 PSYoungGen      total 324096K, used 312805K [0x00000000eab00000, 0x0000000100000000, 0x0000000100000000)
  eden space 298496K, 100% used [0x00000000eab00000,0x00000000fce80000,0x00000000fce80000)
  from space 25600K, 55% used [0x00000000fe700000,0x00000000ff4f9480,0x0000000100000000)
  to   space 25088K, 0% used [0x00000000fce80000,0x00000000fce80000,0x00000000fe700000)
 ParOldGen       total 699392K, used 561839K [0x00000000c0000000, 0x00000000eab00000, 0x00000000eab00000)
  object space 699392K, 80% used [0x00000000c0000000,0x00000000e24abdd0,0x00000000eab00000)
 Metaspace       used 82427K, capacity 88236K, committed 94848K, reserved 1130496K
  class space    used 11267K, capacity 12630K, committed 14208K, reserved 1048576K
Event: 24093.434 GC heap after
Heap after GC invocations=5753 (full 10):
 PSYoungGen      total 323584K, used 14744K [0x00000000eab00000, 0x0000000100000000, 0x0000000100000000)
  eden space 298496K, 0% used [0x00000000eab00000,0x00000000eab00000,0x00000000fce80000)
  from space 25088K, 58% used [0x00000000fce80000,0x00000000fdce60c8,0x00000000fe700000)
  to   space 24576K, 0% used [0x00000000fe800000,0x00000000fe800000,0x0000000100000000)
 ParOldGen       total 699392K, used 562071K [0x00000000c0000000, 0x00000000eab00000, 0x00000000eab00000)
  object space 699392K, 80% used [0x00000000c0000000,0x00000000e24e5dd0,0x00000000eab00000)
 Metaspace       used 82427K, capacity 88236K, committed 94848K, reserved 1130496K
  class space    used 11267K, capacity 12630K, committed 14208K, reserved 1048576K
}
Event: 24096.575 GC heap before
{Heap before GC invocations=5754 (full 10):
 PSYoungGen      total 323584K, used 313240K [0x00000000eab00000, 0x0000000100000000, 0x0000000100000000)
  eden space 298496K, 100% used [0x00000000eab00000,0x00000000fce80000,0x00000000fce80000)
  from space 25088K, 58% used [0x00000000fce80000,0x00000000fdce60c8,0x00000000fe700000)
  to   space 24576K, 0% used [0x00000000fe800000,0x00000000fe800000,0x0000000100000000)
 ParOldGen       total 699392K, used 562071K [0x00000000c0000000, 0x00000000eab00000, 0x00000000eab00000)
  object space 699392K, 80% used [0x00000000c0000000,0x00000000e24e5dd0,0x00000000eab00000)
 Metaspace       used 82427K, capacity 88236K, committed 94848K, reserved 1130496K
  class space    used 11267K, capacity 12630K, committed 14208K, reserved 1048576K

